[2023-07-19 13:14:24 +0000] [1] [INFO] Starting gunicorn 21.2.0
[2023-07-19 13:14:24 +0000] [1] [INFO] Listening at: http://0.0.0.0:5000 (1)
[2023-07-19 13:14:24 +0000] [1] [INFO] Using worker: gthread
[2023-07-19 13:14:24 +0000] [9] [INFO] Booting worker with pid: 9
[2023-07-19 13:14:24 +0000] [10] [INFO] Booting worker with pid: 10
[2023-07-19 13:14:24 +0000] [11] [INFO] Booting worker with pid: 11
[2023-07-19 13:14:24 +0000] [12] [INFO] Booting worker with pid: 12
[2023-07-19 13:26:00 +0000] [1] [INFO] Handling signal: term
[2023-07-19 13:26:01 +0000] [9] [INFO] Worker exiting (pid: 9)
[2023-07-19 13:26:01 +0000] [11] [INFO] Worker exiting (pid: 11)
[2023-07-19 13:26:01 +0000] [12] [INFO] Worker exiting (pid: 12)
[2023-07-19 13:26:01 +0000] [10] [INFO] Worker exiting (pid: 10)
[2023-07-19 13:26:01 +0000] [1] [INFO] Shutting down: Master
[2023-07-19 13:33:12 +0000] [1] [INFO] Starting gunicorn 21.2.0
[2023-07-19 13:33:12 +0000] [1] [INFO] Listening at: http://0.0.0.0:5000 (1)
[2023-07-19 13:33:12 +0000] [1] [INFO] Using worker: gthread
[2023-07-19 13:33:12 +0000] [9] [INFO] Booting worker with pid: 9
[2023-07-19 13:33:12 +0000] [10] [INFO] Booting worker with pid: 10
[2023-07-19 13:33:12 +0000] [11] [INFO] Booting worker with pid: 11
[2023-07-19 13:33:12 +0000] [12] [INFO] Booting worker with pid: 12
[2023-07-19 13:35:14 +0000] [1] [INFO] Handling signal: term
[2023-07-19 13:35:15 +0000] [11] [INFO] Worker exiting (pid: 11)
[2023-07-19 13:35:15 +0000] [9] [INFO] Worker exiting (pid: 9)
[2023-07-19 13:35:15 +0000] [10] [INFO] Worker exiting (pid: 10)
[2023-07-19 13:35:15 +0000] [12] [INFO] Worker exiting (pid: 12)
[2023-07-19 13:35:15 +0000] [1] [INFO] Shutting down: Master
[2023-07-19 13:42:43 +0000] [1] [INFO] Starting gunicorn 21.2.0
[2023-07-19 13:42:43 +0000] [1] [INFO] Listening at: http://0.0.0.0:5000 (1)
[2023-07-19 13:42:43 +0000] [1] [INFO] Using worker: gthread
[2023-07-19 13:42:43 +0000] [8] [INFO] Booting worker with pid: 8
[2023-07-19 13:42:43 +0000] [9] [INFO] Booting worker with pid: 9
[2023-07-19 13:42:43 +0000] [10] [INFO] Booting worker with pid: 10
[2023-07-19 13:42:43 +0000] [11] [INFO] Booting worker with pid: 11
[2023-07-19 13:43:37 +0000] [1] [INFO] Handling signal: term
[2023-07-19 13:43:37 +0000] [10] [INFO] Worker exiting (pid: 10)
[2023-07-19 13:43:37 +0000] [11] [INFO] Worker exiting (pid: 11)
[2023-07-19 13:43:37 +0000] [9] [INFO] Worker exiting (pid: 9)
[2023-07-19 13:43:37 +0000] [8] [INFO] Worker exiting (pid: 8)
[2023-07-19 13:43:37 +0000] [1] [INFO] Shutting down: Master
[2023-07-19 14:02:20 +0000] [1] [INFO] Starting gunicorn 21.2.0
[2023-07-19 14:02:20 +0000] [1] [INFO] Listening at: http://0.0.0.0:5000 (1)
[2023-07-19 14:02:20 +0000] [1] [INFO] Using worker: gthread
[2023-07-19 14:02:20 +0000] [8] [INFO] Booting worker with pid: 8
[2023-07-19 14:02:20 +0000] [9] [INFO] Booting worker with pid: 9
[2023-07-19 14:02:20 +0000] [10] [INFO] Booting worker with pid: 10
[2023-07-19 14:02:20 +0000] [11] [INFO] Booting worker with pid: 11
[2023-07-19 14:02:40 +0000] [1] [INFO] Handling signal: term
[2023-07-19 14:02:41 +0000] [11] [INFO] Worker exiting (pid: 11)
[2023-07-19 14:02:41 +0000] [10] [INFO] Worker exiting (pid: 10)
[2023-07-19 14:02:41 +0000] [8] [INFO] Worker exiting (pid: 8)
[2023-07-19 14:02:41 +0000] [9] [INFO] Worker exiting (pid: 9)
[2023-07-19 14:02:41 +0000] [1] [INFO] Shutting down: Master
[2023-07-19 14:06:01 +0000] [1] [INFO] Starting gunicorn 21.2.0
[2023-07-19 14:06:01 +0000] [1] [INFO] Listening at: http://0.0.0.0:5000 (1)
[2023-07-19 14:06:01 +0000] [1] [INFO] Using worker: gthread
[2023-07-19 14:06:01 +0000] [8] [INFO] Booting worker with pid: 8
[2023-07-19 14:06:01 +0000] [9] [INFO] Booting worker with pid: 9
[2023-07-19 14:06:01 +0000] [10] [INFO] Booting worker with pid: 10
[2023-07-19 14:06:01 +0000] [11] [INFO] Booting worker with pid: 11
[2023-07-19 14:20:30 +0000] [1] [INFO] Handling signal: term
[2023-07-19 14:20:30 +0000] [9] [INFO] Worker exiting (pid: 9)
[2023-07-19 14:20:30 +0000] [10] [INFO] Worker exiting (pid: 10)
[2023-07-19 14:20:30 +0000] [11] [INFO] Worker exiting (pid: 11)
[2023-07-19 14:20:31 +0000] [8] [INFO] Worker exiting (pid: 8)
[2023-07-19 14:20:31 +0000] [1] [INFO] Shutting down: Master
[2023-07-20 08:41:19 +0000] [1] [INFO] Starting gunicorn 21.2.0
[2023-07-20 08:41:19 +0000] [1] [INFO] Listening at: http://0.0.0.0:5000 (1)
[2023-07-20 08:41:19 +0000] [1] [INFO] Using worker: gthread
[2023-07-20 08:41:19 +0000] [8] [INFO] Booting worker with pid: 8
[2023-07-20 08:41:19 +0000] [9] [INFO] Booting worker with pid: 9
[2023-07-20 08:41:19 +0000] [10] [INFO] Booting worker with pid: 10
[2023-07-20 08:41:19 +0000] [11] [INFO] Booting worker with pid: 11
[2023-07-20 09:00:15 +0000] [1] [INFO] Handling signal: term
[2023-07-20 09:00:15 +0000] [10] [INFO] Worker exiting (pid: 10)
[2023-07-20 09:00:15 +0000] [8] [INFO] Worker exiting (pid: 8)
[2023-07-20 09:00:15 +0000] [11] [INFO] Worker exiting (pid: 11)
[2023-07-20 09:00:16 +0000] [9] [INFO] Worker exiting (pid: 9)
[2023-07-20 09:00:16 +0000] [1] [INFO] Shutting down: Master
[2023-07-20 09:11:08 +0000] [1] [INFO] Starting gunicorn 21.2.0
[2023-07-20 09:11:08 +0000] [1] [INFO] Listening at: http://0.0.0.0:5000 (1)
[2023-07-20 09:11:08 +0000] [1] [INFO] Using worker: gthread
[2023-07-20 09:11:08 +0000] [8] [INFO] Booting worker with pid: 8
[2023-07-20 09:11:08 +0000] [9] [INFO] Booting worker with pid: 9
[2023-07-20 09:11:08 +0000] [10] [INFO] Booting worker with pid: 10
[2023-07-20 09:11:08 +0000] [11] [INFO] Booting worker with pid: 11
[2023-07-20 09:12:49 +0000] [1] [INFO] Handling signal: term
[2023-07-20 09:12:49 +0000] [10] [INFO] Worker exiting (pid: 10)
[2023-07-20 09:12:49 +0000] [8] [INFO] Worker exiting (pid: 8)
[2023-07-20 09:12:50 +0000] [9] [INFO] Worker exiting (pid: 9)
[2023-07-20 09:12:50 +0000] [11] [INFO] Worker exiting (pid: 11)
[2023-07-20 09:12:50 +0000] [1] [INFO] Shutting down: Master
[2023-07-20 09:18:43 +0000] [1] [INFO] Starting gunicorn 21.2.0
[2023-07-20 09:18:43 +0000] [1] [INFO] Listening at: http://0.0.0.0:5000 (1)
[2023-07-20 09:18:43 +0000] [1] [INFO] Using worker: gthread
[2023-07-20 09:18:43 +0000] [8] [INFO] Booting worker with pid: 8
[2023-07-20 09:18:43 +0000] [9] [INFO] Booting worker with pid: 9
[2023-07-20 09:18:43 +0000] [10] [INFO] Booting worker with pid: 10
[2023-07-20 09:18:44 +0000] [11] [INFO] Booting worker with pid: 11
[2023-07-20 10:42:32 +0000] [1] [INFO] Handling signal: term
[2023-07-20 10:42:33 +0000] [10] [INFO] Worker exiting (pid: 10)
[2023-07-20 10:42:33 +0000] [11] [INFO] Worker exiting (pid: 11)
[2023-07-20 10:42:33 +0000] [9] [INFO] Worker exiting (pid: 9)
[2023-07-20 10:42:33 +0000] [8] [INFO] Worker exiting (pid: 8)
[2023-07-20 10:42:33 +0000] [1] [INFO] Shutting down: Master
[2023-07-20 10:42:53 +0000] [1] [INFO] Starting gunicorn 21.2.0
[2023-07-20 10:42:53 +0000] [1] [INFO] Listening at: http://0.0.0.0:5000 (1)
[2023-07-20 10:42:53 +0000] [1] [INFO] Using worker: gthread
[2023-07-20 10:42:53 +0000] [8] [INFO] Booting worker with pid: 8
[2023-07-20 10:42:54 +0000] [9] [INFO] Booting worker with pid: 9
[2023-07-20 10:42:54 +0000] [10] [INFO] Booting worker with pid: 10
[2023-07-20 10:42:54 +0000] [11] [INFO] Booting worker with pid: 11
[2023-07-21 06:29:19 +0000] [1] [INFO] Handling signal: term
[2023-07-21 06:29:19 +0000] [10] [INFO] Worker exiting (pid: 10)
[2023-07-21 06:29:19 +0000] [11] [INFO] Worker exiting (pid: 11)
[2023-07-21 06:29:19 +0000] [8] [INFO] Worker exiting (pid: 8)
[2023-07-21 06:29:20 +0000] [9] [INFO] Worker exiting (pid: 9)
[2023-07-21 06:29:20 +0000] [1] [INFO] Shutting down: Master
[2023-07-21 06:44:02 +0000] [1] [INFO] Starting gunicorn 21.2.0
[2023-07-21 06:44:02 +0000] [1] [INFO] Listening at: http://0.0.0.0:5000 (1)
[2023-07-21 06:44:02 +0000] [1] [INFO] Using worker: gthread
[2023-07-21 06:44:02 +0000] [8] [INFO] Booting worker with pid: 8
[2023-07-21 06:44:02 +0000] [9] [INFO] Booting worker with pid: 9
[2023-07-21 06:44:02 +0000] [10] [INFO] Booting worker with pid: 10
[2023-07-21 06:44:02 +0000] [11] [INFO] Booting worker with pid: 11
